================================================================
== Design Size Report
================================================================

* Total Instructions per Compilation Phase
+---------------+-----------------------------+--------------+----------------------------------------------------------------------------------------+
| Phase         | Step                        | Instructions | Description                                                                            |
+---------------+-----------------------------+--------------+----------------------------------------------------------------------------------------+
| Compile/Link  |                             | 15,339       | After all functions are compiled and linked into a single design                       |
|               |                             |              |                                                                                        |
| Unroll/Inline |                             |              | After user unroll and inline pragmas are applied                                       |
|               | (1) unroll                  |  3,071       | user unroll pragmas are applied                                                        |
|               | (2) simplification          |  1,438       | simplification of applied user unroll pragmas                                          |
|               | (3) inline                  |  1,292       | user inline pragmas are applied                                                        |
|               | (4) simplification          |    562       | simplification of applied user inline pragmas                                          |
|               |                             |              |                                                                                        |
| Array/Struct  |                             |              | After user array partition and struct aggregate/disaggregate pragmas are applied       |
|               | (1) array partition         |    382       | user array partition pragmas are applied                                               |
|               | (2) simplification          |    382       | simplification of applied user array partition & struct aggregate/disaggregate pragmas |
|               | (3) aggregate/disaggregate  |    412       | user struct aggregate/disaggregate pragmas are applied                                 |
|               | (4) array reshape           |    399       | apply array reshape pragmas                                                            |
|               | (5) access patterns         |    374       | array access pattern optmizations                                                      |
|               |                             |              |                                                                                        |
| Performance   |                             |              | After transformations are applied to meet performance pragma targets                   |
|               | (1) loop simplification     |    362       | loop and instruction simplification                                                    |
|               | (2) parallelization         |    362       | loops are unrolled or pipelined to meet performance targets                            |
|               | (3) array partition         |    362       | arrays are partitioned to meet performance targets                                     |
|               | (4) simplification          |    362       | simplification of design after performance transformations                             |
|               |                             |              |                                                                                        |
| HW Transforms |                             |              | After hardware transfomations                                                          |
|               | (1) lowering                |    366       | initial conversion to HW specific instructions                                         |
|               | (2) optimizations           |    400       | high level synthesis optimizations                                                     |
+---------------+-----------------------------+--------------+----------------------------------------------------------------------------------------+

* Instructions per Function for each Compilation Phase
+--------------+-------------------+------------------+---------------+---------------+---------------+---------------+
| Function     | Location          | Compile/Link     | Unroll/Inline | Array/Struct  | Performance   | HW Transforms |
+--------------+-------------------+------------------+---------------+---------------+---------------+---------------+
| + FFT        | fft_staged.cpp:35 | 15,339           | 562           | 374           | 362           | 400           |
|    FFT_stage | fft_staged.cpp:20 | 15,310 (5 calls) | 540 (5 calls) | 347 (5 calls) | 339 (5 calls) | 368 (5 calls) |
+--------------+-------------------+------------------+---------------+---------------+---------------+---------------+

* Design Size Message Settings
+---------------------------------------------+--------+------------------------------------------------------------------+
| Message Setting                             | Value  | Description                                                      |
+---------------------------------------------+--------+------------------------------------------------------------------+
| config_compile -design_size_maximum_warning | 100000 | Show a warning when total design instructions exceeds this value |
+---------------------------------------------+--------+------------------------------------------------------------------+


