

================================================================
== Synthesis Summary Report of 'FFT'
================================================================
+ General Information: 
    * Date:           Sat Apr 27 17:52:03 2024
    * Version:        2023.2 (Build 4023990 on Oct 11 2023)
    * Project:        32pt_fft
    * Solution:       with_opt (Vivado IP Flow Target)
    * Product family: zynq
    * Target device:  xc7z020-clg484-3
    

+ Performance & Resource Estimates: 
    
    PS: '+' for module; 'o' for loop; '*' for dataflow
    +----------------------------------------+------+------+---------+-----------+----------+---------+------+----------+------+----------+-----------+------------+-----+
    |                 Modules                | Issue|      | Latency |  Latency  | Iteration|         | Trip |          |      |          |           |            |     |
    |                 & Loops                | Type | Slack| (cycles)|    (ns)   |  Latency | Interval| Count| Pipelined| BRAM |    DSP   |     FF    |     LUT    | URAM|
    +----------------------------------------+------+------+---------+-----------+----------+---------+------+----------+------+----------+-----------+------------+-----+
    |+ FFT                                   |     -|  0.76|      105|  1.050e+03|         -|      106|     -|        no|     -|  76 (34%)|  3875 (3%)|  5463 (10%)|    -|
    | + FFT_Pipeline_FFT_label_bit_reversal  |     -|  3.32|       35|    350.000|         -|       35|     -|        no|     -|         -|   28 (~0%)|    69 (~0%)|    -|
    |  o FFT_label_bit_reversal              |     -|  7.30|       33|    330.000|         3|        1|    32|       yes|     -|         -|          -|           -|    -|
    | + FFT_Pipeline_FFT_loop1               |     -|  2.53|       18|    180.000|         -|       18|     -|        no|     -|         -|   13 (~0%)|   162 (~0%)|    -|
    |  o FFT_loop1                           |     -|  7.30|       16|    160.000|         2|        1|    16|       yes|     -|         -|          -|           -|    -|
    | + FFT_Pipeline_FFT_loop11              |     -|  0.76|       10|    100.000|         -|       10|     -|        no|     -|         -|   11 (~0%)|   283 (~0%)|    -|
    |  o FFT_loop1                           |     -|  7.30|        8|     80.000|         2|        1|     8|       yes|     -|         -|          -|           -|    -|
    | + FFT_stage_2                          |     -|  1.68|        9|     90.000|         -|        9|     -|        no|     -|    6 (2%)|  306 (~0%)|    572 (1%)|    -|
    |  o FFT_loop1                           |     -|  7.30|        7|     70.000|         5|        1|     4|       yes|     -|         -|          -|           -|    -|
    | + FFT_stage_3                          |     -|  1.68|        6|     60.000|         -|        6|     -|        no|     -|  22 (10%)|  554 (~0%)|   1440 (2%)|    -|
    |  o FFT_loop1                           |     -|  7.30|        4|     40.000|         4|        1|     2|       yes|     -|         -|          -|           -|    -|
    | + FFT_stage_4                          |     -|  1.47|       16|    160.000|         -|       16|     -|        no|     -|  48 (21%)|  449 (~0%)|   2220 (4%)|    -|
    +----------------------------------------+------+------+---------+-----------+----------+---------+------+----------+------+----------+-----------+------------+-----+


================================================================
== HW Interfaces
================================================================
* AP_MEMORY
+-------------------+-----------+----------+
| Port              | Direction | Bitwidth |
+-------------------+-----------+----------+
| data_IN_address0  | out       | 5        |
| data_IN_q0        | in        | 32       |
| data_OUT_address0 | out       | 5        |
| data_OUT_address1 | out       | 5        |
| data_OUT_d0       | out       | 32       |
| data_OUT_d1       | out       | 32       |
+-------------------+-----------+----------+

* TOP LEVEL CONTROL
+-----------+------------+-----------------------------------+
| Interface | Type       | Ports                             |
+-----------+------------+-----------------------------------+
| ap_clk    | clock      | ap_clk                            |
| ap_rst    | reset      | ap_rst                            |
| ap_ctrl   | ap_ctrl_hs | ap_done ap_idle ap_ready ap_start |
+-----------+------------+-----------------------------------+


================================================================
== SW I/O Information
================================================================
* Top Function Arguments
+----------+-----------+------------------------------------------------+
| Argument | Direction | Datatype                                       |
+----------+-----------+------------------------------------------------+
| data_IN  | in        | complex<ap_fixed<16, 8, AP_TRN, AP_WRAP, 0> >* |
| data_OUT | out       | complex<ap_fixed<16, 8, AP_TRN, AP_WRAP, 0> >* |
+----------+-----------+------------------------------------------------+

* SW-to-HW Mapping
+----------+-------------------+---------+----------+
| Argument | HW Interface      | HW Type | HW Usage |
+----------+-------------------+---------+----------+
| data_IN  | data_IN_address0  | port    | offset   |
| data_IN  | data_IN_ce0       | port    |          |
| data_IN  | data_IN_q0        | port    |          |
| data_OUT | data_OUT_address0 | port    | offset   |
| data_OUT | data_OUT_ce0      | port    |          |
| data_OUT | data_OUT_we0      | port    |          |
| data_OUT | data_OUT_d0       | port    |          |
| data_OUT | data_OUT_address1 | port    | offset   |
| data_OUT | data_OUT_ce1      | port    |          |
| data_OUT | data_OUT_we1      | port    |          |
| data_OUT | data_OUT_d1       | port    |          |
+----------+-------------------+---------+----------+


================================================================
== Bind Op Report
================================================================
+-------------------------------------------------------------------------+-----+--------+----------------+-----+-----------+---------+
| Name                                                                    | DSP | Pragma | Variable       | Op  | Impl      | Latency |
+-------------------------------------------------------------------------+-----+--------+----------------+-----+-----------+---------+
| + FFT                                                                   | 76  |        |                |     |           |         |
|  + FFT_Pipeline_FFT_label_bit_reversal                                  | 0   |        |                |     |           |         |
|    add_ln39_fu_114_p2                                                   |     |        | add_ln39       | add | fabric    | 0       |
|  + FFT_Pipeline_FFT_loop1                                               | 0   |        |                |     |           |         |
|    add_ln22_fu_158_p2                                                   |     |        | add_ln22       | add | fabric    | 0       |
|    FFT_complex_ap_fixed_16_8_5_3_0_complex_ap_fixed_16_8_5_3_0_s1_d0    |     |        | p_r_M_real_100 | add | fabric    | 0       |
|    FFT_complex_ap_fixed_16_8_5_3_0_complex_ap_fixed_16_8_5_3_0_s1_7_d0  |     |        | p_r_M_imag_100 | add | fabric    | 0       |
|    FFT_complex_ap_fixed_16_8_5_3_0_complex_ap_fixed_16_8_5_3_0_s1_6_d0  |     |        | p_r_M_real_101 | sub | fabric    | 0       |
|    FFT_complex_ap_fixed_16_8_5_3_0_complex_ap_fixed_16_8_5_3_0_s1_8_d0  |     |        | p_r_M_imag_101 | sub | fabric    | 0       |
|  + FFT_Pipeline_FFT_loop11                                              | 0   |        |                |     |           |         |
|    add_ln22_fu_284_p2                                                   |     |        | add_ln22       | add | fabric    | 0       |
|    FFT_complex_ap_fixed_16_8_5_3_0_complex_ap_fixed_16_8_5_3_0_s2_d0    |     |        | p_r_M_real_96  | add | fabric    | 0       |
|    FFT_complex_ap_fixed_16_8_5_3_0_complex_ap_fixed_16_8_5_3_0_s2_12_d0 |     |        | p_r_M_imag_96  | add | fabric    | 0       |
|    FFT_complex_ap_fixed_16_8_5_3_0_complex_ap_fixed_16_8_5_3_0_s2_10_d0 |     |        | p_r_M_real_97  | sub | fabric    | 0       |
|    FFT_complex_ap_fixed_16_8_5_3_0_complex_ap_fixed_16_8_5_3_0_s2_14_d0 |     |        | p_r_M_imag_97  | sub | fabric    | 0       |
|    sub_ln389_fu_370_p2                                                  |     |        | sub_ln389      | sub | fabric    | 0       |
|    FFT_complex_ap_fixed_16_8_5_3_0_complex_ap_fixed_16_8_5_3_0_s2_9_d0  |     |        | p_r_M_real_98  | add | fabric    | 0       |
|    FFT_complex_ap_fixed_16_8_5_3_0_complex_ap_fixed_16_8_5_3_0_s2_13_d0 |     |        | p_r_M_imag_98  | add | fabric    | 0       |
|    FFT_complex_ap_fixed_16_8_5_3_0_complex_ap_fixed_16_8_5_3_0_s2_11_d0 |     |        | p_r_M_real_99  | sub | fabric    | 0       |
|    FFT_complex_ap_fixed_16_8_5_3_0_complex_ap_fixed_16_8_5_3_0_s2_15_d0 |     |        | p_r_M_imag_99  | sub | fabric    | 0       |
|  + FFT_stage_2                                                          | 6   |        |                |     |           |         |
|    add_ln22_fu_412_p2                                                   |     |        | add_ln22       | add | fabric    | 0       |
|    p_r_M_real_82_fu_484_p2                                              |     |        | p_r_M_real_82  | add | fabric    | 0       |
|    p_r_M_imag_82_fu_490_p2                                              |     |        | p_r_M_imag_82  | add | fabric    | 0       |
|    p_r_M_real_83_fu_496_p2                                              |     |        | p_r_M_real_83  | sub | fabric    | 0       |
|    p_r_M_imag_83_fu_502_p2                                              |     |        | p_r_M_imag_83  | sub | fabric    | 0       |
|    mul_16s_9ns_24_1_1_U23                                               | 1   |        | mul_ln389      | mul | auto      | 0       |
|    mac_muladd_16s_9s_24s_24_4_1_U25                                     | 1   |        | mul_ln26       | mul | dsp_slice | 3       |
|    sub_ln389_11_fu_516_p2                                               |     |        | sub_ln389_11   | sub | fabric    | 0       |
|    mac_muladd_16s_8ns_24s_24_4_1_U26                                    | 1   |        | mul_ln389_66   | mul | dsp_slice | 3       |
|    mac_muladd_16s_8ns_24s_24_4_1_U26                                    | 1   |        | add_ln389_31   | add | dsp_slice | 3       |
|    mul_16s_9ns_24_1_1_U24                                               | 1   |        | mul_ln389_67   | mul | auto      | 0       |
|    mac_muladd_16s_9s_24s_24_4_1_U25                                     | 1   |        | add_ln389      | add | dsp_slice | 3       |
|    p_r_M_real_fu_550_p2                                                 |     |        | p_r_M_real     | add | fabric    | 0       |
|    p_r_M_imag_fu_556_p2                                                 |     |        | p_r_M_imag     | add | fabric    | 0       |
|    p_r_M_real_93_fu_562_p2                                              |     |        | p_r_M_real_93  | sub | fabric    | 0       |
|    p_r_M_imag_93_fu_568_p2                                              |     |        | p_r_M_imag_93  | sub | fabric    | 0       |
|    p_r_M_imag_94_fu_574_p2                                              |     |        | p_r_M_imag_94  | add | fabric    | 0       |
|    p_r_M_imag_95_fu_580_p2                                              |     |        | p_r_M_imag_95  | sub | fabric    | 0       |
|    p_r_M_real_94_fu_586_p2                                              |     |        | p_r_M_real_94  | add | fabric    | 0       |
|    p_r_M_real_95_fu_592_p2                                              |     |        | p_r_M_real_95  | sub | fabric    | 0       |
|    am_submul_16s_16s_9s_24_4_1_U27                                      | 1   |        | sub_ln389      | sub | dsp_slice | 3       |
|    am_submul_16s_16s_9s_24_4_1_U27                                      | 1   |        | mul_ln389_68   | mul | dsp_slice | 3       |
|    am_addmul_16s_16s_9s_24_4_1_U28                                      | 1   |        | add_ln389_32   | add | dsp_slice | 3       |
|    am_addmul_16s_16s_9s_24_4_1_U28                                      | 1   |        | mul_ln389_69   | mul | dsp_slice | 3       |
|    p_r_M_real_91_fu_616_p2                                              |     |        | p_r_M_real_91  | add | fabric    | 0       |
|    p_r_M_imag_91_fu_622_p2                                              |     |        | p_r_M_imag_91  | add | fabric    | 0       |
|    p_r_M_real_92_fu_628_p2                                              |     |        | p_r_M_real_92  | sub | fabric    | 0       |
|    p_r_M_imag_92_fu_634_p2                                              |     |        | p_r_M_imag_92  | sub | fabric    | 0       |
|  + FFT_stage_3                                                          | 22  |        |                |     |           |         |
|    add_ln22_fu_584_p2                                                   |     |        | add_ln22       | add | fabric    | 0       |
|    p_r_M_real_48_fu_618_p2                                              |     |        | p_r_M_real_48  | add | fabric    | 0       |
|    p_r_M_imag_48_fu_624_p2                                              |     |        | p_r_M_imag_48  | add | fabric    | 0       |
|    p_r_M_real_49_fu_630_p2                                              |     |        | p_r_M_real_49  | sub | fabric    | 0       |
|    p_r_M_imag_49_fu_636_p2                                              |     |        | p_r_M_imag_49  | sub | fabric    | 0       |
|    mul_16s_9ns_24_1_1_U106                                              | 1   |        | mul_ln389      | mul | auto      | 0       |
|    mac_muladd_16s_8s_24s_24_4_1_U116                                    | 1   |        | mul_ln389_48   | mul | dsp_slice | 3       |
|    mul_16s_9ns_24_1_1_U107                                              | 1   |        | mul_ln389_49   | mul | auto      | 0       |
|    mac_muladd_16s_9s_24s_24_4_1_U117                                    | 1   |        | mul_ln26       | mul | dsp_slice | 3       |
|    mul_16s_8ns_24_1_1_U108                                              | 1   |        | mul_ln389_50   | mul | auto      | 0       |
|    mac_muladd_16s_9s_24s_24_4_1_U118                                    | 1   |        | mul_ln26_1     | mul | dsp_slice | 3       |
|    sub_ln389_10_fu_692_p2                                               |     |        | sub_ln389_10   | sub | fabric    | 0       |
|    mul_16s_8s_24_1_1_U109                                               | 1   |        | mul_ln389_51   | mul | auto      | 0       |
|    mac_muladd_16s_9s_24s_24_4_1_U119                                    | 1   |        | mul_ln26_2     | mul | dsp_slice | 3       |
|    mac_muladd_16s_7ns_24s_24_4_1_U120                                   | 1   |        | mul_ln389_52   | mul | dsp_slice | 3       |
|    mac_muladd_16s_7ns_24s_24_4_1_U120                                   | 1   |        | add_ln389_25   | add | dsp_slice | 3       |
|    mul_16s_9ns_24_1_1_U110                                              | 1   |        | mul_ln389_53   | mul | auto      | 0       |
|    mac_muladd_16s_8s_24s_24_4_1_U116                                    | 1   |        | add_ln389      | add | dsp_slice | 3       |
|    p_r_M_real_fu_1038_p2                                                |     |        | p_r_M_real     | add | fabric    | 0       |
|    p_r_M_imag_fu_1044_p2                                                |     |        | p_r_M_imag     | add | fabric    | 0       |
|    p_r_M_real_71_fu_1050_p2                                             |     |        | p_r_M_real_71  | sub | fabric    | 0       |
|    p_r_M_imag_71_fu_1056_p2                                             |     |        | p_r_M_imag_71  | sub | fabric    | 0       |
|    mac_muladd_16s_8ns_24s_24_4_1_U121                                   | 1   |        | mul_ln389_54   | mul | dsp_slice | 3       |
|    mac_muladd_16s_8ns_24s_24_4_1_U121                                   | 1   |        | add_ln389_26   | add | dsp_slice | 3       |
|    mul_16s_9ns_24_1_1_U111                                              | 1   |        | mul_ln389_55   | mul | auto      | 0       |
|    mac_muladd_16s_9s_24s_24_4_1_U117                                    | 1   |        | add_ln389_14   | add | dsp_slice | 3       |
|    p_r_M_real_72_fu_1085_p2                                             |     |        | p_r_M_real_72  | add | fabric    | 0       |
|    p_r_M_imag_72_fu_1091_p2                                             |     |        | p_r_M_imag_72  | add | fabric    | 0       |
|    p_r_M_real_73_fu_1097_p2                                             |     |        | p_r_M_real_73  | sub | fabric    | 0       |
|    p_r_M_imag_73_fu_1103_p2                                             |     |        | p_r_M_imag_73  | sub | fabric    | 0       |
|    mac_muladd_16s_8ns_24s_24_4_1_U122                                   | 1   |        | mul_ln389_56   | mul | dsp_slice | 3       |
|    mac_muladd_16s_8ns_24s_24_4_1_U122                                   | 1   |        | add_ln389_27   | add | dsp_slice | 3       |
|    mul_16s_8ns_24_1_1_U112                                              | 1   |        | mul_ln389_57   | mul | auto      | 0       |
|    mac_muladd_16s_9s_24s_24_4_1_U118                                    | 1   |        | add_ln389_15   | add | dsp_slice | 3       |
|    p_r_M_real_74_fu_1132_p2                                             |     |        | p_r_M_real_74  | add | fabric    | 0       |
|    p_r_M_imag_74_fu_1138_p2                                             |     |        | p_r_M_imag_74  | add | fabric    | 0       |
|    p_r_M_real_75_fu_1144_p2                                             |     |        | p_r_M_real_75  | sub | fabric    | 0       |
|    p_r_M_imag_75_fu_1150_p2                                             |     |        | p_r_M_imag_75  | sub | fabric    | 0       |
|    p_r_M_imag_76_fu_770_p2                                              |     |        | p_r_M_imag_76  | add | fabric    | 0       |
|    p_r_M_imag_77_fu_776_p2                                              |     |        | p_r_M_imag_77  | sub | fabric    | 0       |
|    p_r_M_real_76_fu_788_p2                                              |     |        | p_r_M_real_76  | add | fabric    | 0       |
|    p_r_M_real_77_fu_794_p2                                              |     |        | p_r_M_real_77  | sub | fabric    | 0       |
|    mac_muladd_16s_8ns_24s_24_4_1_U123                                   | 1   |        | mul_ln389_58   | mul | dsp_slice | 3       |
|    mac_muladd_16s_8ns_24s_24_4_1_U123                                   | 1   |        | add_ln389_28   | add | dsp_slice | 3       |
|    mul_16s_8s_24_1_1_U113                                               | 1   |        | mul_ln389_59   | mul | auto      | 0       |
|    mac_muladd_16s_9s_24s_24_4_1_U119                                    | 1   |        | add_ln389_16   | add | dsp_slice | 3       |
|    p_r_M_real_78_fu_1179_p2                                             |     |        | p_r_M_real_78  | add | fabric    | 0       |
|    p_r_M_imag_78_fu_1185_p2                                             |     |        | p_r_M_imag_78  | add | fabric    | 0       |
|    p_r_M_real_79_fu_1191_p2                                             |     |        | p_r_M_real_79  | sub | fabric    | 0       |
|    p_r_M_imag_79_fu_1197_p2                                             |     |        | p_r_M_imag_79  | sub | fabric    | 0       |
|    am_submul_16s_16s_9s_24_4_1_U124                                     | 1   |        | sub_ln389      | sub | dsp_slice | 3       |
|    am_submul_16s_16s_9s_24_4_1_U124                                     | 1   |        | mul_ln389_60   | mul | dsp_slice | 3       |
|    am_addmul_16s_16s_9s_24_4_1_U125                                     | 1   |        | add_ln389_29   | add | dsp_slice | 3       |
|    am_addmul_16s_16s_9s_24_4_1_U125                                     | 1   |        | mul_ln389_61   | mul | dsp_slice | 3       |
|    p_r_M_real_80_fu_1226_p2                                             |     |        | p_r_M_real_80  | add | fabric    | 0       |
|    p_r_M_imag_80_fu_1232_p2                                             |     |        | p_r_M_imag_80  | add | fabric    | 0       |
|    p_r_M_real_81_fu_1238_p2                                             |     |        | p_r_M_real_81  | sub | fabric    | 0       |
|    p_r_M_imag_81_fu_1244_p2                                             |     |        | p_r_M_imag_81  | sub | fabric    | 0       |
|    mul_16s_9s_24_1_1_U114                                               | 1   |        | mul_ln389_62   | mul | auto      | 0       |
|    mac_muladd_16s_7ns_24s_24_4_1_U126                                   | 1   |        | mul_ln389_63   | mul | dsp_slice | 3       |
|    mac_muladd_16s_7ns_24s_24_4_1_U126                                   | 1   |        | add_ln389_30   | add | dsp_slice | 3       |
|    mul_16s_9s_24_1_1_U115                                               | 1   |        | mul_ln389_64   | mul | auto      | 0       |
|    mac_muladd_16s_8s_24s_24_4_1_U127                                    | 1   |        | mul_ln389_65   | mul | dsp_slice | 3       |
|    mac_muladd_16s_8s_24s_24_4_1_U127                                    | 1   |        | add_ln389_18   | add | dsp_slice | 3       |
|    p_r_M_real_69_fu_1273_p2                                             |     |        | p_r_M_real_69  | add | fabric    | 0       |
|    p_r_M_imag_69_fu_1279_p2                                             |     |        | p_r_M_imag_69  | add | fabric    | 0       |
|    p_r_M_real_70_fu_1285_p2                                             |     |        | p_r_M_real_70  | sub | fabric    | 0       |
|    p_r_M_imag_70_fu_1291_p2                                             |     |        | p_r_M_imag_70  | sub | fabric    | 0       |
|  + FFT_stage_4                                                          | 48  |        |                |     |           |         |
|    p_r_M_real_1_fu_571_p2                                               |     |        | p_r_M_real_1   | add | fabric    | 0       |
|    p_r_M_imag_1_fu_577_p2                                               |     |        | p_r_M_imag_1   | add | fabric    | 0       |
|    p_r_M_real_2_fu_592_p2                                               |     |        | p_r_M_real_2   | sub | fabric    | 0       |
|    p_r_M_imag_2_fu_598_p2                                               |     |        | p_r_M_imag_2   | sub | fabric    | 0       |
|    mul_16s_9ns_24_1_1_U261                                              | 1   |        | mul_ln389      | mul | auto      | 0       |
|    mac_mulsub_16s_7s_24s_24_4_1_U281                                    | 1   |        | mul_ln389_1    | mul | dsp_slice | 3       |
|    mac_mulsub_16s_7s_24s_24_4_1_U281                                    | 1   |        | sub_ln389      | sub | dsp_slice | 3       |
|    mul_16s_9ns_24_1_1_U262                                              | 1   |        | mul_ln389_2    | mul | auto      | 0       |
|    mac_muladd_16s_7s_24s_24_4_1_U282                                    | 1   |        | mul_ln389_3    | mul | dsp_slice | 3       |
|    mac_muladd_16s_7s_24s_24_4_1_U282                                    | 1   |        | add_ln389      | add | dsp_slice | 3       |
|    p_r_M_real_4_fu_787_p2                                               |     |        | p_r_M_real_4   | add | fabric    | 0       |
|    p_r_M_imag_4_fu_793_p2                                               |     |        | p_r_M_imag_4   | add | fabric    | 0       |
|    p_r_M_real_5_fu_808_p2                                               |     |        | p_r_M_real_5   | sub | fabric    | 0       |
|    p_r_M_imag_5_fu_814_p2                                               |     |        | p_r_M_imag_5   | sub | fabric    | 0       |
|    mul_16s_9ns_24_1_1_U263                                              | 1   |        | mul_ln389_4    | mul | auto      | 0       |
|    mac_muladd_16s_7ns_24s_24_4_1_U283                                   | 1   |        | mul_ln389_5    | mul | dsp_slice | 3       |
|    mac_muladd_16s_7ns_24s_24_4_1_U283                                   | 1   |        | add_ln389_10   | add | dsp_slice | 3       |
|    mul_16s_9ns_24_1_1_U264                                              | 1   |        | mul_ln389_6    | mul | auto      | 0       |
|    mac_muladd_16s_8s_24s_24_4_1_U284                                    | 1   |        | mul_ln389_7    | mul | dsp_slice | 3       |
|    mac_muladd_16s_8s_24s_24_4_1_U284                                    | 1   |        | add_ln389_1    | add | dsp_slice | 3       |
|    p_r_M_real_7_fu_881_p2                                               |     |        | p_r_M_real_7   | add | fabric    | 0       |
|    p_r_M_imag_7_fu_887_p2                                               |     |        | p_r_M_imag_7   | add | fabric    | 0       |
|    p_r_M_real_8_fu_902_p2                                               |     |        | p_r_M_real_8   | sub | fabric    | 0       |
|    p_r_M_imag_8_fu_908_p2                                               |     |        | p_r_M_imag_8   | sub | fabric    | 0       |
|    mul_16s_9ns_24_1_1_U265                                              | 1   |        | mul_ln389_8    | mul | auto      | 0       |
|    mac_muladd_16s_8ns_24s_24_4_1_U285                                   | 1   |        | mul_ln389_9    | mul | dsp_slice | 3       |
|    mac_muladd_16s_8ns_24s_24_4_1_U285                                   | 1   |        | add_ln389_14   | add | dsp_slice | 3       |
|    mul_16s_9ns_24_1_1_U266                                              | 1   |        | mul_ln389_10   | mul | auto      | 0       |
|    mac_muladd_16s_9s_24s_24_4_1_U286                                    | 1   |        | mul_ln389_11   | mul | dsp_slice | 3       |
|    mac_muladd_16s_9s_24s_24_4_1_U286                                    | 1   |        | add_ln389_2    | add | dsp_slice | 3       |
|    p_r_M_real_10_fu_975_p2                                              |     |        | p_r_M_real_10  | add | fabric    | 0       |
|    p_r_M_imag_10_fu_981_p2                                              |     |        | p_r_M_imag_10  | add | fabric    | 0       |
|    p_r_M_real_11_fu_996_p2                                              |     |        | p_r_M_real_11  | sub | fabric    | 0       |
|    p_r_M_imag_11_fu_1002_p2                                             |     |        | p_r_M_imag_11  | sub | fabric    | 0       |
|    mul_16s_9ns_24_1_1_U267                                              | 1   |        | mul_ln389_12   | mul | auto      | 0       |
|    mac_muladd_16s_8ns_24s_24_4_1_U287                                   | 1   |        | mul_ln389_13   | mul | dsp_slice | 3       |
|    mac_muladd_16s_8ns_24s_24_4_1_U287                                   | 1   |        | add_ln389_15   | add | dsp_slice | 3       |
|    mul_16s_9ns_24_1_1_U268                                              | 1   |        | mul_ln389_14   | mul | auto      | 0       |
|    mac_muladd_16s_9s_24s_24_4_1_U288                                    | 1   |        | mul_ln389_15   | mul | dsp_slice | 3       |
|    mac_muladd_16s_9s_24s_24_4_1_U288                                    | 1   |        | add_ln389_3    | add | dsp_slice | 3       |
|    p_r_M_real_13_fu_1069_p2                                             |     |        | p_r_M_real_13  | add | fabric    | 0       |
|    p_r_M_imag_13_fu_1075_p2                                             |     |        | p_r_M_imag_13  | add | fabric    | 0       |
|    p_r_M_real_14_fu_1090_p2                                             |     |        | p_r_M_real_14  | sub | fabric    | 0       |
|    p_r_M_imag_14_fu_1096_p2                                             |     |        | p_r_M_imag_14  | sub | fabric    | 0       |
|    mul_16s_9ns_24_1_1_U269                                              | 1   |        | mul_ln389_16   | mul | auto      | 0       |
|    mac_muladd_16s_8ns_24s_24_4_1_U289                                   | 1   |        | mul_ln389_17   | mul | dsp_slice | 3       |
|    mac_muladd_16s_8ns_24s_24_4_1_U289                                   | 1   |        | add_ln389_16   | add | dsp_slice | 3       |
|    mul_16s_9ns_24_1_1_U270                                              | 1   |        | mul_ln389_18   | mul | auto      | 0       |
|    mac_muladd_16s_9s_24s_24_4_1_U290                                    | 1   |        | mul_ln389_19   | mul | dsp_slice | 3       |
|    mac_muladd_16s_9s_24s_24_4_1_U290                                    | 1   |        | add_ln389_4    | add | dsp_slice | 3       |
|    p_r_M_real_16_fu_1163_p2                                             |     |        | p_r_M_real_16  | add | fabric    | 0       |
|    p_r_M_imag_16_fu_1169_p2                                             |     |        | p_r_M_imag_16  | add | fabric    | 0       |
|    p_r_M_real_17_fu_1184_p2                                             |     |        | p_r_M_real_17  | sub | fabric    | 0       |
|    p_r_M_imag_17_fu_1190_p2                                             |     |        | p_r_M_imag_17  | sub | fabric    | 0       |
|    mul_16s_8ns_24_1_1_U271                                              | 1   |        | mul_ln389_20   | mul | auto      | 0       |
|    mac_muladd_16s_8ns_24s_24_4_1_U291                                   | 1   |        | mul_ln389_21   | mul | dsp_slice | 3       |
|    mac_muladd_16s_8ns_24s_24_4_1_U291                                   | 1   |        | add_ln389_17   | add | dsp_slice | 3       |
|    mul_16s_8ns_24_1_1_U272                                              | 1   |        | mul_ln389_22   | mul | auto      | 0       |
|    mac_muladd_16s_9s_24s_24_4_1_U292                                    | 1   |        | mul_ln389_23   | mul | dsp_slice | 3       |
|    mac_muladd_16s_9s_24s_24_4_1_U292                                    | 1   |        | add_ln389_5    | add | dsp_slice | 3       |
|    p_r_M_real_19_fu_1257_p2                                             |     |        | p_r_M_real_19  | add | fabric    | 0       |
|    p_r_M_imag_19_fu_1263_p2                                             |     |        | p_r_M_imag_19  | add | fabric    | 0       |
|    p_r_M_real_20_fu_1278_p2                                             |     |        | p_r_M_real_20  | sub | fabric    | 0       |
|    p_r_M_imag_20_fu_1284_p2                                             |     |        | p_r_M_imag_20  | sub | fabric    | 0       |
|    mac_muladd_16s_6ns_24s_24_4_1_U293                                   | 1   |        | mul_ln389_24   | mul | dsp_slice | 3       |
|    grp_fu_2231_p2                                                       |     |        | sub_ln389_1    | sub | fabric    | 0       |
|    mac_muladd_16s_6ns_24s_24_4_1_U293                                   | 1   |        | add_ln389_18   | add | dsp_slice | 3       |
|    mac_muladd_16s_6ns_24s_24_4_1_U294                                   | 1   |        | mul_ln389_25   | mul | dsp_slice | 3       |
|    grp_fu_2240_p2                                                       |     |        | sub_ln389_2    | sub | fabric    | 0       |
|    mac_muladd_16s_6ns_24s_24_4_1_U294                                   | 1   |        | add_ln389_6    | add | dsp_slice | 3       |
|    p_r_M_real_22_fu_1389_p2                                             |     |        | p_r_M_real_22  | add | fabric    | 0       |
|    p_r_M_imag_22_fu_1395_p2                                             |     |        | p_r_M_imag_22  | add | fabric    | 0       |
|    p_r_M_real_23_fu_1410_p2                                             |     |        | p_r_M_real_23  | sub | fabric    | 0       |
|    p_r_M_imag_23_fu_1416_p2                                             |     |        | p_r_M_imag_23  | sub | fabric    | 0       |
|    sub_ln389_3_fu_669_p2                                                |     |        | sub_ln389_3    | sub | fabric    | 0       |
|    p_r_M_real_25_fu_685_p2                                              |     |        | p_r_M_real_25  | add | fabric    | 0       |
|    p_r_M_imag_25_fu_691_p2                                              |     |        | p_r_M_imag_25  | add | fabric    | 0       |
|    p_r_M_real_26_fu_706_p2                                              |     |        | p_r_M_real_26  | sub | fabric    | 0       |
|    p_r_M_imag_26_fu_712_p2                                              |     |        | p_r_M_imag_26  | sub | fabric    | 0       |
|    mac_muladd_16s_7s_24s_24_4_1_U295                                    | 1   |        | mul_ln389_26   | mul | dsp_slice | 3       |
|    grp_fu_2249_p2                                                       |     |        | sub_ln389_4    | sub | fabric    | 0       |
|    mac_muladd_16s_7s_24s_24_4_1_U295                                    | 1   |        | add_ln389_19   | add | dsp_slice | 3       |
|    mac_muladd_16s_7s_24s_24_4_1_U296                                    | 1   |        | mul_ln389_27   | mul | dsp_slice | 3       |
|    grp_fu_2258_p2                                                       |     |        | sub_ln389_5    | sub | fabric    | 0       |
|    mac_muladd_16s_7s_24s_24_4_1_U296                                    | 1   |        | add_ln389_7    | add | dsp_slice | 3       |
|    p_r_M_real_28_fu_1521_p2                                             |     |        | p_r_M_real_28  | add | fabric    | 0       |
|    p_r_M_imag_28_fu_1527_p2                                             |     |        | p_r_M_imag_28  | add | fabric    | 0       |
|    p_r_M_real_29_fu_1542_p2                                             |     |        | p_r_M_real_29  | sub | fabric    | 0       |
|    p_r_M_imag_29_fu_1548_p2                                             |     |        | p_r_M_imag_29  | sub | fabric    | 0       |
|    mul_16s_8s_24_1_1_U273                                               | 1   |        | mul_ln389_28   | mul | auto      | 0       |
|    mac_muladd_16s_8ns_24s_24_4_1_U297                                   | 1   |        | mul_ln389_29   | mul | dsp_slice | 3       |
|    mac_muladd_16s_8ns_24s_24_4_1_U297                                   | 1   |        | add_ln389_20   | add | dsp_slice | 3       |
|    mul_16s_8s_24_1_1_U274                                               | 1   |        | mul_ln389_30   | mul | auto      | 0       |
|    mac_muladd_16s_9s_24s_24_4_1_U298                                    | 1   |        | mul_ln389_31   | mul | dsp_slice | 3       |
|    mac_muladd_16s_9s_24s_24_4_1_U298                                    | 1   |        | add_ln389_8    | add | dsp_slice | 3       |
|    p_r_M_real_31_fu_1615_p2                                             |     |        | p_r_M_real_31  | add | fabric    | 0       |
|    p_r_M_imag_31_fu_1621_p2                                             |     |        | p_r_M_imag_31  | add | fabric    | 0       |
|    p_r_M_real_32_fu_1636_p2                                             |     |        | p_r_M_real_32  | sub | fabric    | 0       |
|    p_r_M_imag_32_fu_1642_p2                                             |     |        | p_r_M_imag_32  | sub | fabric    | 0       |
|    mul_16s_9s_24_1_1_U275                                               | 1   |        | mul_ln389_32   | mul | auto      | 0       |
|    mac_muladd_16s_8ns_24s_24_4_1_U299                                   | 1   |        | mul_ln389_33   | mul | dsp_slice | 3       |
|    mac_muladd_16s_8ns_24s_24_4_1_U299                                   | 1   |        | add_ln389_21   | add | dsp_slice | 3       |
|    mul_16s_9s_24_1_1_U276                                               | 1   |        | mul_ln389_34   | mul | auto      | 0       |
|    mac_muladd_16s_9s_24s_24_4_1_U300                                    | 1   |        | mul_ln389_35   | mul | dsp_slice | 3       |
|    mac_muladd_16s_9s_24s_24_4_1_U300                                    | 1   |        | add_ln389_9    | add | dsp_slice | 3       |
|    p_r_M_real_34_fu_1709_p2                                             |     |        | p_r_M_real_34  | add | fabric    | 0       |
|    p_r_M_imag_34_fu_1715_p2                                             |     |        | p_r_M_imag_34  | add | fabric    | 0       |
|    p_r_M_real_35_fu_1730_p2                                             |     |        | p_r_M_real_35  | sub | fabric    | 0       |
|    p_r_M_imag_35_fu_1736_p2                                             |     |        | p_r_M_imag_35  | sub | fabric    | 0       |
|    am_submul_16s_16s_9s_24_4_1_U301                                     | 1   |        | sub_ln389_6    | sub | dsp_slice | 3       |
|    am_submul_16s_16s_9s_24_4_1_U301                                     | 1   |        | mul_ln389_36   | mul | dsp_slice | 3       |
|    am_addmul_16s_16s_9s_24_4_1_U302                                     | 1   |        | add_ln389_22   | add | dsp_slice | 3       |
|    am_addmul_16s_16s_9s_24_4_1_U302                                     | 1   |        | mul_ln389_37   | mul | dsp_slice | 3       |
|    p_r_M_real_37_fu_1793_p2                                             |     |        | p_r_M_real_37  | add | fabric    | 0       |
|    p_r_M_imag_37_fu_1799_p2                                             |     |        | p_r_M_imag_37  | add | fabric    | 0       |
|    p_r_M_real_38_fu_1814_p2                                             |     |        | p_r_M_real_38  | sub | fabric    | 0       |
|    p_r_M_imag_38_fu_1820_p2                                             |     |        | p_r_M_imag_38  | sub | fabric    | 0       |
|    mul_16s_9s_24_1_1_U277                                               | 1   |        | mul_ln389_38   | mul | auto      | 0       |
|    mac_muladd_16s_8ns_24s_24_4_1_U303                                   | 1   |        | mul_ln389_39   | mul | dsp_slice | 3       |
|    mac_muladd_16s_8ns_24s_24_4_1_U303                                   | 1   |        | add_ln389_23   | add | dsp_slice | 3       |
|    mul_16s_9s_24_1_1_U278                                               | 1   |        | mul_ln389_40   | mul | auto      | 0       |
|    mac_muladd_16s_9s_24s_24_4_1_U304                                    | 1   |        | mul_ln389_41   | mul | dsp_slice | 3       |
|    mac_muladd_16s_9s_24s_24_4_1_U304                                    | 1   |        | add_ln389_11   | add | dsp_slice | 3       |
|    p_r_M_real_40_fu_1887_p2                                             |     |        | p_r_M_real_40  | add | fabric    | 0       |
|    p_r_M_imag_40_fu_1893_p2                                             |     |        | p_r_M_imag_40  | add | fabric    | 0       |
|    p_r_M_real_41_fu_1908_p2                                             |     |        | p_r_M_real_41  | sub | fabric    | 0       |
|    p_r_M_imag_41_fu_1914_p2                                             |     |        | p_r_M_imag_41  | sub | fabric    | 0       |
|    mul_16s_9s_24_1_1_U279                                               | 1   |        | mul_ln389_42   | mul | auto      | 0       |
|    mac_muladd_16s_7ns_24s_24_4_1_U305                                   | 1   |        | mul_ln389_43   | mul | dsp_slice | 3       |
|    mac_muladd_16s_7ns_24s_24_4_1_U305                                   | 1   |        | add_ln389_24   | add | dsp_slice | 3       |
|    mul_16s_9s_24_1_1_U280                                               | 1   |        | mul_ln389_44   | mul | auto      | 0       |
|    mac_muladd_16s_8s_24s_24_4_1_U306                                    | 1   |        | mul_ln389_45   | mul | dsp_slice | 3       |
|    mac_muladd_16s_8s_24s_24_4_1_U306                                    | 1   |        | add_ln389_12   | add | dsp_slice | 3       |
|    p_r_M_real_43_fu_1965_p2                                             |     |        | p_r_M_real_43  | add | fabric    | 0       |
|    p_r_M_imag_43_fu_1971_p2                                             |     |        | p_r_M_imag_43  | add | fabric    | 0       |
|    p_r_M_real_44_fu_1986_p2                                             |     |        | p_r_M_real_44  | sub | fabric    | 0       |
|    p_r_M_imag_44_fu_1992_p2                                             |     |        | p_r_M_imag_44  | sub | fabric    | 0       |
|    grp_fu_2357_p2                                                       |     |        | sub_ln389_7    | sub | fabric    | 0       |
|    mac_mulsub_16s_7s_24s_24_4_1_U307                                    | 1   |        | mul_ln389_46   | mul | dsp_slice | 3       |
|    mac_mulsub_16s_7s_24s_24_4_1_U307                                    | 1   |        | sub_ln389_8    | sub | dsp_slice | 3       |
|    grp_fu_2366_p2                                                       |     |        | sub_ln389_9    | sub | fabric    | 0       |
|    mac_muladd_16s_7s_24s_24_4_1_U308                                    | 1   |        | mul_ln389_47   | mul | dsp_slice | 3       |
|    mac_muladd_16s_7s_24s_24_4_1_U308                                    | 1   |        | add_ln389_13   | add | dsp_slice | 3       |
|    p_r_M_real_46_fu_2081_p2                                             |     |        | p_r_M_real_46  | add | fabric    | 0       |
|    p_r_M_imag_46_fu_2087_p2                                             |     |        | p_r_M_imag_46  | add | fabric    | 0       |
|    p_r_M_real_47_fu_2102_p2                                             |     |        | p_r_M_real_47  | sub | fabric    | 0       |
|    p_r_M_imag_47_fu_2108_p2                                             |     |        | p_r_M_imag_47  | sub | fabric    | 0       |
+-------------------------------------------------------------------------+-----+--------+----------------+-----+-----------+---------+


================================================================
== Storage Report
================================================================
+-----------------------------------------------------------------------+---------+------+------+------+--------+-------------------------------------------------------------------+------+---------+------------------+
| Name                                                                  | Usage   | Type | BRAM | URAM | Pragma | Variable                                                          | Impl | Latency | Bitwidth, Depth, |
|                                                                       |         |      |      |      |        |                                                                   |      |         | Banks            |
+-----------------------------------------------------------------------+---------+------+------+------+--------+-------------------------------------------------------------------+------+---------+------------------+
| + FFT                                                                 |         |      | 0    | 0    |        |                                                                   |      |         |                  |
|   after_rev_M_real_U                                                  | ram_s2p |      |      |      |        | after_rev_M_real                                                  | auto | 1       | 16, 32, 1        |
|   after_rev_M_imag_U                                                  | ram_s2p |      |      |      |        | after_rev_M_imag                                                  | auto | 1       | 16, 32, 1        |
|   FFT_complex_ap_fixed_16_8_5_3_0_complex_ap_fixed_16_8_5_3_0_s1_U    | ram_s2p |      |      |      |        | FFT_complex_ap_fixed_16_8_5_3_0_complex_ap_fixed_16_8_5_3_0_s1    | auto | 1       | 16, 16, 1        |
|   FFT_complex_ap_fixed_16_8_5_3_0_complex_ap_fixed_16_8_5_3_0_s1_6_U  | ram_s2p |      |      |      |        | FFT_complex_ap_fixed_16_8_5_3_0_complex_ap_fixed_16_8_5_3_0_s1_6  | auto | 1       | 16, 16, 1        |
|   FFT_complex_ap_fixed_16_8_5_3_0_complex_ap_fixed_16_8_5_3_0_s1_7_U  | ram_s2p |      |      |      |        | FFT_complex_ap_fixed_16_8_5_3_0_complex_ap_fixed_16_8_5_3_0_s1_7  | auto | 1       | 16, 16, 1        |
|   FFT_complex_ap_fixed_16_8_5_3_0_complex_ap_fixed_16_8_5_3_0_s1_8_U  | ram_s2p |      |      |      |        | FFT_complex_ap_fixed_16_8_5_3_0_complex_ap_fixed_16_8_5_3_0_s1_8  | auto | 1       | 16, 16, 1        |
|   FFT_complex_ap_fixed_16_8_5_3_0_complex_ap_fixed_16_8_5_3_0_s2_U    | ram_s2p |      |      |      |        | FFT_complex_ap_fixed_16_8_5_3_0_complex_ap_fixed_16_8_5_3_0_s2    | auto | 1       | 16, 8, 1         |
|   FFT_complex_ap_fixed_16_8_5_3_0_complex_ap_fixed_16_8_5_3_0_s2_10_U | ram_s2p |      |      |      |        | FFT_complex_ap_fixed_16_8_5_3_0_complex_ap_fixed_16_8_5_3_0_s2_10 | auto | 1       | 16, 8, 1         |
|   FFT_complex_ap_fixed_16_8_5_3_0_complex_ap_fixed_16_8_5_3_0_s2_9_U  | ram_s2p |      |      |      |        | FFT_complex_ap_fixed_16_8_5_3_0_complex_ap_fixed_16_8_5_3_0_s2_9  | auto | 1       | 16, 8, 1         |
|   FFT_complex_ap_fixed_16_8_5_3_0_complex_ap_fixed_16_8_5_3_0_s2_11_U | ram_s2p |      |      |      |        | FFT_complex_ap_fixed_16_8_5_3_0_complex_ap_fixed_16_8_5_3_0_s2_11 | auto | 1       | 16, 8, 1         |
|   FFT_complex_ap_fixed_16_8_5_3_0_complex_ap_fixed_16_8_5_3_0_s2_12_U | ram_s2p |      |      |      |        | FFT_complex_ap_fixed_16_8_5_3_0_complex_ap_fixed_16_8_5_3_0_s2_12 | auto | 1       | 16, 8, 1         |
|   FFT_complex_ap_fixed_16_8_5_3_0_complex_ap_fixed_16_8_5_3_0_s2_14_U | ram_s2p |      |      |      |        | FFT_complex_ap_fixed_16_8_5_3_0_complex_ap_fixed_16_8_5_3_0_s2_14 | auto | 1       | 16, 8, 1         |
|   FFT_complex_ap_fixed_16_8_5_3_0_complex_ap_fixed_16_8_5_3_0_s2_13_U | ram_s2p |      |      |      |        | FFT_complex_ap_fixed_16_8_5_3_0_complex_ap_fixed_16_8_5_3_0_s2_13 | auto | 1       | 16, 8, 1         |
|   FFT_complex_ap_fixed_16_8_5_3_0_complex_ap_fixed_16_8_5_3_0_s2_15_U | ram_s2p |      |      |      |        | FFT_complex_ap_fixed_16_8_5_3_0_complex_ap_fixed_16_8_5_3_0_s2_15 | auto | 1       | 16, 8, 1         |
|  + FFT_Pipeline_FFT_label_bit_reversal                                |         |      | 0    | 0    |        |                                                                   |      |         |                  |
|    rev_32_U                                                           | rom_1p  |      |      |      |        | rev_32                                                            | auto | 1       | 5, 32, 1         |
+-----------------------------------------------------------------------+---------+------+------+------+--------+-------------------------------------------------------------------+------+---------+------------------+


================================================================
== Pragma Report
================================================================
* Valid Pragma Syntax
+----------+---------+-------------------------------------------------+
| Type     | Options | Location                                        |
+----------+---------+-------------------------------------------------+
| pipeline |         | 32pt_fft/with_opt/directives.tcl:8 in fft_stage |
+----------+---------+-------------------------------------------------+

* Inferred Pragmas
+---------------------------------------------+-----------------+---------------------------------------------------------------------------------------------------------------------------+--------------------------------------------------------------------------------------------------------------------------------------------------------------------+
| Source Pragma                               | Inferred Pragma | Options                                                                                                                   | Location                                                                                                                                                           |
+---------------------------------------------+-----------------+---------------------------------------------------------------------------------------------------------------------------+--------------------------------------------------------------------------------------------------------------------------------------------------------------------+
| pipeline 32pt_fft/with_opt/directives.tcl:8 | array_partition | dim=1 type=cyclic factor=2 variable=_ZZ3FFTPSt7complexI8ap_fixedILi16ELi8EL9ap_q_mode5EL9ap_o_mode3ELi0EEES5_E2s1._M_imag | variable FFT(std::complex<ap_fixed<16, 8, (ap_q_mode)5, (ap_o_mode)3, 0> >*, std::complex<ap_fixed<16, 8, (ap_q_mode)5, (ap_o_mode)3, 0> >*)::s1 (._M_imag) in fft |
+---------------------------------------------+-----------------+---------------------------------------------------------------------------------------------------------------------------+--------------------------------------------------------------------------------------------------------------------------------------------------------------------+


