================================================================
== Design Size Report
================================================================

* Total Instructions per Compilation Phase
+---------------+-----------------------------+--------------+----------------------------------------------------------------------------------------+
| Phase         | Step                        | Instructions | Description                                                                            |
+---------------+-----------------------------+--------------+----------------------------------------------------------------------------------------+
| Compile/Link  |                             | 15,367       | After all functions are compiled and linked into a single design                       |
|               |                             |              |                                                                                        |
| Unroll/Inline |                             |              | After user unroll and inline pragmas are applied                                       |
|               | (1) unroll                  |  3,127       | user unroll pragmas are applied                                                        |
|               | (2) simplification          |  1,478       | simplification of applied user unroll pragmas                                          |
|               | (3) inline                  |  1,332       | user inline pragmas are applied                                                        |
|               | (4) simplification          |    602       | simplification of applied user inline pragmas                                          |
|               |                             |              |                                                                                        |
| Array/Struct  |                             |              | After user array partition and struct aggregate/disaggregate pragmas are applied       |
|               | (1) array partition         |    414       | user array partition pragmas are applied                                               |
|               | (2) simplification          |    414       | simplification of applied user array partition & struct aggregate/disaggregate pragmas |
|               | (3) aggregate/disaggregate  |    468       | user struct aggregate/disaggregate pragmas are applied                                 |
|               | (4) array reshape           |    447       | apply array reshape pragmas                                                            |
|               | (5) access patterns         |    422       | array access pattern optmizations                                                      |
|               |                             |              |                                                                                        |
| Performance   |                             |              | After transformations are applied to meet performance pragma targets                   |
|               | (1) loop simplification     |    398       | loop and instruction simplification                                                    |
|               | (2) parallelization         |    398       | loops are unrolled or pipelined to meet performance targets                            |
|               | (3) array partition         |    398       | arrays are partitioned to meet performance targets                                     |
|               | (4) simplification          |    398       | simplification of design after performance transformations                             |
|               |                             |              |                                                                                        |
| HW Transforms |                             |              | After hardware transfomations                                                          |
|               | (1) lowering                |    402       | initial conversion to HW specific instructions                                         |
|               | (2) optimizations           |    412       | high level synthesis optimizations                                                     |
+---------------+-----------------------------+--------------+----------------------------------------------------------------------------------------+

* Instructions per Function for each Compilation Phase
+--------------+-------------------+------------------+---------------+---------------+---------------+---------------+
| Function     | Location          | Compile/Link     | Unroll/Inline | Array/Struct  | Performance   | HW Transforms |
+--------------+-------------------+------------------+---------------+---------------+---------------+---------------+
| + FFT        | fft_staged.cpp:35 | 15,367           | 602           | 422           | 398           | 412           |
|    FFT_stage | fft_staged.cpp:20 | 15,310 (5 calls) | 540 (5 calls) | 357 (5 calls) | 341 (5 calls) | 370 (5 calls) |
+--------------+-------------------+------------------+---------------+---------------+---------------+---------------+

* Design Size Message Settings
+---------------------------------------------+--------+------------------------------------------------------------------+
| Message Setting                             | Value  | Description                                                      |
+---------------------------------------------+--------+------------------------------------------------------------------+
| config_compile -design_size_maximum_warning | 100000 | Show a warning when total design instructions exceeds this value |
+---------------------------------------------+--------+------------------------------------------------------------------+


